  lab4.cpp
C:\Users\Никита\Desktop\СисПр\lab4\lab4\lab4.cpp(35,2): error C4235: использовано нестандартное расширение: ключевое слово "__asm" данной архитектурой не поддерживается
C:\Users\Никита\Desktop\СисПр\lab4\lab4\lab4.cpp(37,7): error C2065: esi: необъявленный идентификатор
C:\Users\Никита\Desktop\СисПр\lab4\lab4\lab4.cpp(37,10): error C3192: синтаксическая ошибка: "^" не является префиксным оператором (возможно, имелось в виду "*"?)
C:\Users\Никита\Desktop\СисПр\lab4\lab4\lab4.cpp(37,12): error C2065: esi: необъявленный идентификатор
C:\Users\Никита\Desktop\СисПр\lab4\lab4\lab4.cpp(37,17): error C2065: подготовка: необъявленный идентификатор
C:\Users\Никита\Desktop\СисПр\lab4\lab4\lab4.cpp(37,38): error C2146: синтаксическая ошибка: отсутствие ";" перед идентификатором "регистра"
C:\Users\Никита\Desktop\СисПр\lab4\lab4\lab4.cpp(37,38): error C2065: регистра: необъявленный идентификатор
C:\Users\Никита\Desktop\СисПр\lab4\lab4\lab4.cpp(37,55): error C2146: синтаксическая ошибка: отсутствие ";" перед идентификатором "индекса"
C:\Users\Никита\Desktop\СисПр\lab4\lab4\lab4.cpp(37,55): error C2065: индекса: необъявленный идентификатор
C:\Users\Никита\Desktop\СисПр\lab4\lab4\lab4.cpp(37,70): error C2146: синтаксическая ошибка: отсутствие ";" перед идентификатором "в"
C:\Users\Никита\Desktop\СисПр\lab4\lab4\lab4.cpp(37,70): error C2065: в: необъявленный идентификатор
C:\Users\Никита\Desktop\СисПр\lab4\lab4\lab4.cpp(37,73): error C2146: синтаксическая ошибка: отсутствие ";" перед идентификатором "массиве"
C:\Users\Никита\Desktop\СисПр\lab4\lab4\lab4.cpp(37,73): error C2065: массиве: необъявленный идентификатор
C:\Users\Никита\Desktop\СисПр\lab4\lab4\lab4.cpp(38,3): error C2146: синтаксическая ошибка: отсутствие ";" перед идентификатором "mov"
C:\Users\Никита\Desktop\СисПр\lab4\lab4\lab4.cpp(38,3): error C2065: mov: необъявленный идентификатор
C:\Users\Никита\Desktop\СисПр\lab4\lab4\lab4.cpp(38,7): error C2146: синтаксическая ошибка: отсутствие ";" перед идентификатором "ebx"
C:\Users\Никита\Desktop\СисПр\lab4\lab4\lab4.cpp(38,7): error C2065: ebx: необъявленный идентификатор
C:\Users\Никита\Desktop\СисПр\lab4\lab4\lab4.cpp(38,19): error C2059: синтаксическая ошибка: <
C:\Users\Никита\Desktop\СисПр\lab4\lab4\lab4.cpp(39,18): error C2065: счетчик: необъявленный идентификатор
C:\Users\Никита\Desktop\СисПр\lab4\lab4\lab4.cpp(39,33): error C2146: синтаксическая ошибка: отсутствие ";" перед идентификатором "цикла"
C:\Users\Никита\Desktop\СисПр\lab4\lab4\lab4.cpp(39,33): error C2065: цикла: необъявленный идентификатор
C:\Users\Никита\Desktop\СисПр\lab4\lab4\lab4.cpp(40,2): error C2146: синтаксическая ошибка: отсутствие ";" перед идентификатором "begin_loop"
C:\Users\Никита\Desktop\СисПр\lab4\lab4\lab4.cpp(41,3): error C2065: mov: необъявленный идентификатор
C:\Users\Никита\Desktop\СисПр\lab4\lab4\lab4.cpp(41,7): error C2146: синтаксическая ошибка: отсутствие ";" перед идентификатором "eax"
C:\Users\Никита\Desktop\СисПр\lab4\lab4\lab4.cpp(41,7): error C2065: eax: необъявленный идентификатор
C:\Users\Никита\Desktop\СисПр\lab4\lab4\lab4.cpp(41,17): error C2760: синтаксическая ошибка: непредвиденный элемент "+". Ожидается ","
C:\Users\Никита\Desktop\СисПр\lab4\lab4\lab4.cpp(41,19): error C2065: esi: необъявленный идентификатор
C:\Users\Никита\Desktop\СисПр\lab4\lab4\lab4.cpp(41,26): error C2059: синтаксическая ошибка: ]
C:\Users\Никита\Desktop\СисПр\lab4\lab4\lab4.cpp(41,29): error C2065: определяеи: необъявленный идентификатор
C:\Users\Никита\Desktop\СисПр\lab4\lab4\lab4.cpp(41,50): error C2146: синтаксическая ошибка: отсутствие ";" перед идентификатором "текущий"
C:\Users\Никита\Desktop\СисПр\lab4\lab4\lab4.cpp(41,50): error C2065: текущий: необъявленный идентификатор
C:\Users\Никита\Desktop\СисПр\lab4\lab4\lab4.cpp(41,65): error C2146: синтаксическая ошибка: отсутствие ";" перед идентификатором "элемент"
C:\Users\Никита\Desktop\СисПр\lab4\lab4\lab4.cpp(41,65): error C2065: элемент: необъявленный идентификатор
C:\Users\Никита\Desktop\СисПр\lab4\lab4\lab4.cpp(42,4): error C2146: синтаксическая ошибка: отсутствие ";" перед идентификатором "jo"
C:\Users\Никита\Desktop\СисПр\lab4\lab4\lab4.cpp(42,4): error C2065: jo: необъявленный идентификатор
C:\Users\Никита\Desktop\СисПр\lab4\lab4\lab4.cpp(42,7): error C2146: синтаксическая ошибка: отсутствие ";" перед идентификатором "error_of"
C:\Users\Никита\Desktop\СисПр\lab4\lab4\lab4.cpp(42,7): error C2065: error_of: необъявленный идентификатор
C:\Users\Никита\Desktop\СисПр\lab4\lab4\lab4.cpp(42,17): error C2065: проверка: необъявленный идентификатор
C:\Users\Никита\Desktop\СисПр\lab4\lab4\lab4.cpp(42,34): error C2146: синтаксическая ошибка: отсутствие ";" перед идентификатором "на"
C:\Users\Никита\Desktop\СисПр\lab4\lab4\lab4.cpp(42,34): error C2065: на: необъявленный идентификатор
C:\Users\Никита\Desktop\СисПр\lab4\lab4\lab4.cpp(42,39): error C2146: синтаксическая ошибка: отсутствие ";" перед идентификатором "переполнение"
C:\Users\Никита\Desktop\СисПр\lab4\lab4\lab4.cpp(42,39): error C2065: переполнение: необъявленный идентификатор
C:\Users\Никита\Desktop\СисПр\lab4\lab4\lab4.cpp(43,3): error C2146: синтаксическая ошибка: отсутствие ";" перед идентификатором "cmp"
C:\Users\Никита\Desktop\СисПр\lab4\lab4\lab4.cpp(43,3): error C2065: cmp: необъявленный идентификатор
C:\Users\Никита\Desktop\СисПр\lab4\lab4\lab4.cpp(43,7): error C2146: синтаксическая ошибка: отсутствие ";" перед идентификатором "eax"
C:\Users\Никита\Desktop\СисПр\lab4\lab4\lab4.cpp(43,7): error C2065: eax: необъявленный идентификатор
C:\Users\Никита\Desktop\СисПр\lab4\lab4\lab4.cpp(43,15): error C2065: сравниваем: необъявленный идентификатор
C:\Users\Никита\Desktop\СисПр\lab4\lab4\lab4.cpp(43,36): error C2146: синтаксическая ошибка: отсутствие ";" перед идентификатором "a"
C:\Users\Никита\Desktop\СисПр\lab4\lab4\lab4.cpp(43,36): error C2065: a: необъявленный идентификатор
C:\Users\Никита\Desktop\СисПр\lab4\lab4\lab4.cpp(43,38): error C2065: i: необъявленный идентификатор
C:\Users\Никита\Desktop\СисПр\lab4\lab4\lab4.cpp(43,41): error C2146: синтаксическая ошибка: отсутствие ";" перед идентификатором "и"
C:\Users\Никита\Desktop\СисПр\lab4\lab4\lab4.cpp(43,41): error C2065: и: необъявленный идентификатор
C:\Users\Никита\Desktop\СисПр\lab4\lab4\lab4.cpp(43,44): error C2146: синтаксическая ошибка: отсутствие ";" перед идентификатором "b"
C:\Users\Никита\Desktop\СисПр\lab4\lab4\lab4.cpp(44,3): error C2146: синтаксическая ошибка: отсутствие ";" перед идентификатором "jl"
C:\Users\Никита\Desktop\СисПр\lab4\lab4\lab4.cpp(44,3): error C2065: jl: необъявленный идентификатор
C:\Users\Никита\Desktop\СисПр\lab4\lab4\lab4.cpp(44,6): error C2146: синтаксическая ошибка: отсутствие ";" перед идентификатором "end_loop"
C:\Users\Никита\Desktop\СисПр\lab4\lab4\lab4.cpp(44,6): error C2065: end_loop: необъявленный идентификатор
C:\Users\Никита\Desktop\СисПр\lab4\lab4\lab4.cpp(44,16): error C2065: если: необъявленный идентификатор
C:\Users\Никита\Desktop\СисПр\lab4\lab4\lab4.cpp(44,25): error C2146: синтаксическая ошибка: отсутствие ";" перед идентификатором "a"
C:\Users\Никита\Desktop\СисПр\lab4\lab4\lab4.cpp(44,25): error C2065: a: необъявленный идентификатор
C:\Users\Никита\Desktop\СисПр\lab4\lab4\lab4.cpp(45,3): error C2146: синтаксическая ошибка: отсутствие ";" перед идентификатором "mov"
C:\Users\Никита\Desktop\СисПр\lab4\lab4\lab4.cpp(45,3): error C2065: mov: необъявленный идентификатор
C:\Users\Никита\Desktop\СисПр\lab4\lab4\lab4.cpp(45,7): error C2146: синтаксическая ошибка: отсутствие ";" перед идентификатором "edx"
C:\Users\Никита\Desktop\СисПр\lab4\lab4\lab4.cpp(45,7): error C2065: edx: необъявленный идентификатор
C:\Users\Никита\Desktop\СисПр\lab4\lab4\lab4.cpp(46,3): error C2065: cmp: необъявленный идентификатор
C:\Users\Никита\Desktop\СисПр\lab4\lab4\lab4.cpp(46,7): error C2146: синтаксическая ошибка: отсутствие ";" перед идентификатором "eax"
C:\Users\Никита\Desktop\СисПр\lab4\lab4\lab4.cpp(46,7): error C2065: eax: необъявленный идентификатор
C:\Users\Никита\Desktop\СисПр\lab4\lab4\lab4.cpp(46,12): error C2065: edx: необъявленный идентификатор
C:\Users\Никита\Desktop\СисПр\lab4\lab4\lab4.cpp(46,17): error C2065: сравниваем: необъявленный идентификатор
C:\Users\Никита\Desktop\СисПр\lab4\lab4\lab4.cpp(46,38): error C2146: синтаксическая ошибка: отсутствие ";" перед идентификатором "a"
C:\Users\Никита\Desktop\СисПр\lab4\lab4\lab4.cpp(46,38): error C2065: a: необъявленный идентификатор
C:\Users\Никита\Desktop\СисПр\lab4\lab4\lab4.cpp(46,40): error C2065: i: необъявленный идентификатор
C:\Users\Никита\Desktop\СисПр\lab4\lab4\lab4.cpp(46,43): error C2146: синтаксическая ошибка: отсутствие ";" перед идентификатором "и"
C:\Users\Никита\Desktop\СисПр\lab4\lab4\lab4.cpp(46,43): error C2065: и: необъявленный идентификатор
C:\Users\Никита\Desktop\СисПр\lab4\lab4\lab4.cpp(46,46): error C2146: синтаксическая ошибка: отсутствие ";" перед идентификатором "d"
C:\Users\Никита\Desktop\СисПр\lab4\lab4\lab4.cpp(47,3): error C2146: синтаксическая ошибка: отсутствие ";" перед идентификатором "jg"
C:\Users\Никита\Desktop\СисПр\lab4\lab4\lab4.cpp(47,3): error C2065: jg: необъявленный идентификатор
C:\Users\Никита\Desktop\СисПр\lab4\lab4\lab4.cpp(47,6): error C2146: синтаксическая ошибка: отсутствие ";" перед идентификатором "end_loop"
C:\Users\Никита\Desktop\СисПр\lab4\lab4\lab4.cpp(47,6): error C2065: end_loop: необъявленный идентификатор
C:\Users\Никита\Desktop\СисПр\lab4\lab4\lab4.cpp(47,16): error C2065: если: необъявленный идентификатор
C:\Users\Никита\Desktop\СисПр\lab4\lab4\lab4.cpp(47,25): error C2146: синтаксическая ошибка: отсутствие ";" перед идентификатором "a"
C:\Users\Никита\Desktop\СисПр\lab4\lab4\lab4.cpp(47,25): error C2065: a: необъявленный идентификатор
C:\Users\Никита\Desktop\СисПр\lab4\lab4\lab4.cpp(47,27): error C2065: i: необъявленный идентификатор
C:\Users\Никита\Desktop\СисПр\lab4\lab4\lab4.cpp(48,3): error C2146: синтаксическая ошибка: отсутствие ";" перед идентификатором "add"
C:\Users\Никита\Desktop\СисПр\lab4\lab4\lab4.cpp(48,3): error C2065: add: необъявленный идентификатор
C:\Users\Никита\Desktop\СисПр\lab4\lab4\lab4.cpp(48,7): error C2146: синтаксическая ошибка: отсутствие ";" перед идентификатором "result"
C:\Users\Никита\Desktop\СисПр\lab4\lab4\lab4.cpp(48,15): error C2065: eax: необъявленный идентификатор
C:\Users\Никита\Desktop\СисПр\lab4\lab4\lab4.cpp(49,3): error C2065: jo: необъявленный идентификатор
C:\Users\Никита\Desktop\СисПр\lab4\lab4\lab4.cpp(49,6): error C2146: синтаксическая ошибка: отсутствие ";" перед идентификатором "error_of"
C:\Users\Никита\Desktop\СисПр\lab4\lab4\lab4.cpp(49,6): error C2065: error_of: необъявленный идентификатор
C:\Users\Никита\Desktop\СисПр\lab4\lab4\lab4.cpp(51,3): error C2065: inc: необъявленный идентификатор
C:\Users\Никита\Desktop\СисПр\lab4\lab4\lab4.cpp(51,7): error C2146: синтаксическая ошибка: отсутствие ";" перед идентификатором "esi"
C:\Users\Никита\Desktop\СисПр\lab4\lab4\lab4.cpp(51,7): error C2065: esi: необъявленный идентификатор
C:\Users\Никита\Desktop\СисПр\lab4\lab4\lab4.cpp(51,12): error C2065: переходим: необъявленный идентификатор
C:\Users\Никита\Desktop\СисПр\lab4\lab4\lab4.cpp(51,31): error C2146: синтаксическая ошибка: отсутствие ";" перед идентификатором "к"
C:\Users\Никита\Desktop\СисПр\lab4\lab4\lab4.cpp(51,31): error C2065: к: необъявленный идентификатор
C:\Users\Никита\Desktop\СисПр\lab4\lab4\lab4.cpp(51,34): error C2146: синтаксическая ошибка: отсутствие ";" перед идентификатором "следующему"
C:\Users\Никита\Desktop\СисПр\lab4\lab4\lab4.cpp(51,34): error C2065: следующему: необъявленный идентификатор
C:\Users\Никита\Desktop\СисПр\lab4\lab4\lab4.cpp(51,55): error C2146: синтаксическая ошибка: отсутствие ";" перед идентификатором "элементу"
C:\Users\Никита\Desktop\СисПр\lab4\lab4\lab4.cpp(51,55): error C2065: элементу: необъявленный идентификатор
C:\Users\Никита\Desktop\СисПр\lab4\lab4\lab4.cpp(52,4): error C2146: синтаксическая ошибка: отсутствие ";" перед идентификатором "loop"
C:\Users\Никита\Desktop\СисПр\lab4\lab4\lab4.cpp(52,4): error C2065: loop: необъявленный идентификатор
C:\Users\Никита\Desktop\СисПр\lab4\lab4\lab4.cpp(52,4): error C1003: число ошибок превышает 100; остановка компиляции
