  lab6.cpp
C:\Users\Никита\Desktop\СисПр\lab6\lab6\lab6.cpp(10,2): error C4235: использовано нестандартное расширение: ключевое слово "__asm" данной архитектурой не поддерживается
C:\Users\Никита\Desktop\СисПр\lab6\lab6\lab6.cpp(11,3): error C2065: finit: необъявленный идентификатор
C:\Users\Никита\Desktop\СисПр\lab6\lab6\lab6.cpp(11,10): error C2065: инциализация: необъявленный идентификатор
C:\Users\Никита\Desktop\СисПр\lab6\lab6\lab6.cpp(11,35): error C2146: синтаксическая ошибка: отсутствие ";" перед идентификатором "сопроцессора"
C:\Users\Никита\Desktop\СисПр\lab6\lab6\lab6.cpp(11,35): error C2065: сопроцессора: необъявленный идентификатор
C:\Users\Никита\Desktop\СисПр\lab6\lab6\lab6.cpp(12,3): error C2146: синтаксическая ошибка: отсутствие ";" перед идентификатором "fld"
C:\Users\Никита\Desktop\СисПр\lab6\lab6\lab6.cpp(12,3): error C2065: fld: необъявленный идентификатор
C:\Users\Никита\Desktop\СисПр\lab6\lab6\lab6.cpp(12,7): error C2146: синтаксическая ошибка: отсутствие ";" перед идентификатором "qword"
C:\Users\Никита\Desktop\СисПр\lab6\lab6\lab6.cpp(12,7): error C2065: qword: необъявленный идентификатор
C:\Users\Никита\Desktop\СисПр\lab6\lab6\lab6.cpp(12,13): error C2146: синтаксическая ошибка: отсутствие ";" перед идентификатором "ptr"
C:\Users\Никита\Desktop\СисПр\lab6\lab6\lab6.cpp(12,13): error C2065: ptr: необъявленный идентификатор
C:\Users\Никита\Desktop\СисПр\lab6\lab6\lab6.cpp(12,21): error C2065: st0: необъявленный идентификатор
C:\Users\Никита\Desktop\СисПр\lab6\lab6\lab6.cpp(13,3): error C2146: синтаксическая ошибка: отсутствие ";" перед идентификатором "fld"
C:\Users\Никита\Desktop\СисПр\lab6\lab6\lab6.cpp(13,3): error C2065: fld: необъявленный идентификатор
C:\Users\Никита\Desktop\СисПр\lab6\lab6\lab6.cpp(13,7): error C2146: синтаксическая ошибка: отсутствие ";" перед идентификатором "qword"
C:\Users\Никита\Desktop\СисПр\lab6\lab6\lab6.cpp(13,7): error C2065: qword: необъявленный идентификатор
C:\Users\Никита\Desktop\СисПр\lab6\lab6\lab6.cpp(13,13): error C2146: синтаксическая ошибка: отсутствие ";" перед идентификатором "ptr"
C:\Users\Никита\Desktop\СисПр\lab6\lab6\lab6.cpp(13,13): error C2065: ptr: необъявленный идентификатор
C:\Users\Никита\Desktop\СисПр\lab6\lab6\lab6.cpp(13,21): error C2065: st0: необъявленный идентификатор
C:\Users\Никита\Desktop\СисПр\lab6\lab6\lab6.cpp(13,30): error C2065: st1: необъявленный идентификатор
C:\Users\Никита\Desktop\СисПр\lab6\lab6\lab6.cpp(14,3): error C2146: синтаксическая ошибка: отсутствие ";" перед идентификатором "fcom"
C:\Users\Никита\Desktop\СисПр\lab6\lab6\lab6.cpp(14,3): error C2065: fcom: необъявленный идентификатор
C:\Users\Никита\Desktop\СисПр\lab6\lab6\lab6.cpp(14,8): error C2146: синтаксическая ошибка: отсутствие ";" перед идентификатором "st"
C:\Users\Никита\Desktop\СисПр\lab6\lab6\lab6.cpp(14,8): error C3861: st: идентификатор не найден
C:\Users\Никита\Desktop\СисПр\lab6\lab6\lab6.cpp(15,3): error C2146: синтаксическая ошибка: отсутствие "," перед идентификатором "fstsw"
C:\Users\Никита\Desktop\СисПр\lab6\lab6\lab6.cpp(15,17): error C2065: сохраняем: необъявленный идентификатор
C:\Users\Никита\Desktop\СисПр\lab6\lab6\lab6.cpp(15,36): error C2146: синтаксическая ошибка: отсутствие ";" перед идентификатором "регистор"
C:\Users\Никита\Desktop\СисПр\lab6\lab6\lab6.cpp(15,36): error C2065: регистор: необъявленный идентификатор
C:\Users\Никита\Desktop\СисПр\lab6\lab6\lab6.cpp(15,53): error C2146: синтаксическая ошибка: отсутствие ";" перед идентификатором "флагов"
C:\Users\Никита\Desktop\СисПр\lab6\lab6\lab6.cpp(15,53): error C2065: флагов: необъявленный идентификатор
C:\Users\Никита\Desktop\СисПр\lab6\lab6\lab6.cpp(15,66): error C2146: синтаксическая ошибка: отсутствие ";" перед идентификатором "сопроцессора"
C:\Users\Никита\Desktop\СисПр\lab6\lab6\lab6.cpp(15,66): error C2065: сопроцессора: необъявленный идентификатор
C:\Users\Никита\Desktop\СисПр\lab6\lab6\lab6.cpp(16,3): error C2146: синтаксическая ошибка: отсутствие ";" перед идентификатором "mov"
C:\Users\Никита\Desktop\СисПр\lab6\lab6\lab6.cpp(16,3): error C2065: mov: необъявленный идентификатор
C:\Users\Никита\Desktop\СисПр\lab6\lab6\lab6.cpp(16,7): error C2146: синтаксическая ошибка: отсутствие ";" перед идентификатором "ah"
C:\Users\Никита\Desktop\СисПр\lab6\lab6\lab6.cpp(16,7): error C2065: ah: необъявленный идентификатор
C:\Users\Никита\Desktop\СисПр\lab6\lab6\lab6.cpp(16,11): error C2065: byte: необъявленный идентификатор
C:\Users\Никита\Desktop\СисПр\lab6\lab6\lab6.cpp(16,16): error C2146: синтаксическая ошибка: отсутствие ";" перед идентификатором "ptr"
C:\Users\Никита\Desktop\СисПр\lab6\lab6\lab6.cpp(16,16): error C2065: ptr: необъявленный идентификатор
C:\Users\Никита\Desktop\СисПр\lab6\lab6\lab6.cpp(17,3): error C2146: синтаксическая ошибка: отсутствие ";" перед идентификатором "sahf"
C:\Users\Никита\Desktop\СисПр\lab6\lab6\lab6.cpp(17,3): error C2065: sahf: необъявленный идентификатор
C:\Users\Никита\Desktop\СисПр\lab6\lab6\lab6.cpp(17,9): error C2065: записываем: необъявленный идентификатор
C:\Users\Никита\Desktop\СисПр\lab6\lab6\lab6.cpp(17,30): error C2146: синтаксическая ошибка: отсутствие ";" перед идентификатором "в"
C:\Users\Никита\Desktop\СисПр\lab6\lab6\lab6.cpp(17,30): error C2065: в: необъявленный идентификатор
C:\Users\Никита\Desktop\СисПр\lab6\lab6\lab6.cpp(17,33): error C2146: синтаксическая ошибка: отсутствие ";" перед идентификатором "регистор"
C:\Users\Никита\Desktop\СисПр\lab6\lab6\lab6.cpp(17,33): error C2065: регистор: необъявленный идентификатор
C:\Users\Никита\Desktop\СисПр\lab6\lab6\lab6.cpp(17,50): error C2146: синтаксическая ошибка: отсутствие ";" перед идентификатором "флагов"
C:\Users\Никита\Desktop\СисПр\lab6\lab6\lab6.cpp(17,50): error C2065: флагов: необъявленный идентификатор
C:\Users\Никита\Desktop\СисПр\lab6\lab6\lab6.cpp(17,63): error C2146: синтаксическая ошибка: отсутствие ";" перед идентификатором "процессора"
C:\Users\Никита\Desktop\СисПр\lab6\lab6\lab6.cpp(17,63): error C2065: процессора: необъявленный идентификатор
C:\Users\Никита\Desktop\СисПр\lab6\lab6\lab6.cpp(18,3): error C2146: синтаксическая ошибка: отсутствие ";" перед идентификатором "ja"
C:\Users\Никита\Desktop\СисПр\lab6\lab6\lab6.cpp(18,3): error C2065: ja: необъявленный идентификатор
C:\Users\Никита\Desktop\СисПр\lab6\lab6\lab6.cpp(18,6): error C2146: синтаксическая ошибка: отсутствие ";" перед идентификатором "a_bigger"
C:\Users\Никита\Desktop\СисПр\lab6\lab6\lab6.cpp(18,6): error C2065: a_bigger: необъявленный идентификатор
C:\Users\Никита\Desktop\СисПр\lab6\lab6\lab6.cpp(18,16): error C2065: переход: необъявленный идентификатор
C:\Users\Никита\Desktop\СисПр\lab6\lab6\lab6.cpp(18,31): error C2146: синтаксическая ошибка: отсутствие ";" перед идентификатором "если"
C:\Users\Никита\Desktop\СисПр\lab6\lab6\lab6.cpp(18,31): error C2065: если: необъявленный идентификатор
C:\Users\Никита\Desktop\СисПр\lab6\lab6\lab6.cpp(18,40): error C2146: синтаксическая ошибка: отсутствие ";" перед идентификатором "а"
C:\Users\Никита\Desktop\СисПр\lab6\lab6\lab6.cpp(18,40): error C2065: а: необъявленный идентификатор
C:\Users\Никита\Desktop\СисПр\lab6\lab6\lab6.cpp(18,43): error C2146: синтаксическая ошибка: отсутствие ";" перед идентификатором "больше"
C:\Users\Никита\Desktop\СисПр\lab6\lab6\lab6.cpp(18,43): error C2065: больше: необъявленный идентификатор
C:\Users\Никита\Desktop\СисПр\lab6\lab6\lab6.cpp(19,3): error C2146: синтаксическая ошибка: отсутствие ";" перед идентификатором "jb"
C:\Users\Никита\Desktop\СисПр\lab6\lab6\lab6.cpp(19,3): error C2065: jb: необъявленный идентификатор
C:\Users\Никита\Desktop\СисПр\lab6\lab6\lab6.cpp(19,6): error C2146: синтаксическая ошибка: отсутствие ";" перед идентификатором "b_bigger"
C:\Users\Никита\Desktop\СисПр\lab6\lab6\lab6.cpp(19,6): error C2065: b_bigger: необъявленный идентификатор
C:\Users\Никита\Desktop\СисПр\lab6\lab6\lab6.cpp(19,16): error C2065: переход: необъявленный идентификатор
C:\Users\Никита\Desktop\СисПр\lab6\lab6\lab6.cpp(19,31): error C2146: синтаксическая ошибка: отсутствие ";" перед идентификатором "если"
C:\Users\Никита\Desktop\СисПр\lab6\lab6\lab6.cpp(19,31): error C2065: если: необъявленный идентификатор
C:\Users\Никита\Desktop\СисПр\lab6\lab6\lab6.cpp(19,40): error C2146: синтаксическая ошибка: отсутствие ";" перед идентификатором "b"
C:\Users\Никита\Desktop\СисПр\lab6\lab6\lab6.cpp(19,42): error C2146: синтаксическая ошибка: отсутствие ";" перед идентификатором "больше"
C:\Users\Никита\Desktop\СисПр\lab6\lab6\lab6.cpp(19,42): error C2065: больше: необъявленный идентификатор
C:\Users\Никита\Desktop\СисПр\lab6\lab6\lab6.cpp(20,5): error C2065: если: необъявленный идентификатор
C:\Users\Никита\Desktop\СисПр\lab6\lab6\lab6.cpp(20,14): error C2146: синтаксическая ошибка: отсутствие ";" перед идентификатором "равны"
C:\Users\Никита\Desktop\СисПр\lab6\lab6\lab6.cpp(20,14): error C2065: равны: необъявленный идентификатор
C:\Users\Никита\Desktop\СисПр\lab6\lab6\lab6.cpp(21,3): error C2146: синтаксическая ошибка: отсутствие ";" перед идентификатором "fild"
C:\Users\Никита\Desktop\СисПр\lab6\lab6\lab6.cpp(21,3): error C2065: fild: необъявленный идентификатор
C:\Users\Никита\Desktop\СисПр\lab6\lab6\lab6.cpp(21,8): error C2146: синтаксическая ошибка: отсутствие ";" перед идентификатором "c_9"
C:\Users\Никита\Desktop\СисПр\lab6\lab6\lab6.cpp(21,13): error C2065: st0: необъявленный идентификатор
C:\Users\Никита\Desktop\СисПр\lab6\lab6\lab6.cpp(21,23): error C2065: st1: необъявленный идентификатор
C:\Users\Никита\Desktop\СисПр\lab6\lab6\lab6.cpp(21,32): error C2065: st2: необъявленный идентификатор
C:\Users\Никита\Desktop\СисПр\lab6\lab6\lab6.cpp(22,3): error C2146: синтаксическая ошибка: отсутствие ";" перед идентификатором "jmp"
C:\Users\Никита\Desktop\СисПр\lab6\lab6\lab6.cpp(22,3): error C2065: jmp: необъявленный идентификатор
C:\Users\Никита\Desktop\СисПр\lab6\lab6\lab6.cpp(22,7): error C2146: синтаксическая ошибка: отсутствие ";" перед идентификатором "endcalc"
C:\Users\Никита\Desktop\СисПр\lab6\lab6\lab6.cpp(22,7): error C2065: endcalc: необъявленный идентификатор
C:\Users\Никита\Desktop\СисПр\lab6\lab6\lab6.cpp(23,2): error C2146: синтаксическая ошибка: отсутствие ";" перед идентификатором "a_bigger"
C:\Users\Никита\Desktop\СисПр\lab6\lab6\lab6.cpp(24,3): error C2065: ftst: необъявленный идентификатор
C:\Users\Никита\Desktop\СисПр\lab6\lab6\lab6.cpp(24,9): error C2065: сравнение: необъявленный идентификатор
C:\Users\Никита\Desktop\СисПр\lab6\lab6\lab6.cpp(24,28): error C2146: синтаксическая ошибка: отсутствие ";" перед идентификатором "а"
C:\Users\Никита\Desktop\СисПр\lab6\lab6\lab6.cpp(24,28): error C2065: а: необъявленный идентификатор
C:\Users\Никита\Desktop\СисПр\lab6\lab6\lab6.cpp(24,31): error C2146: синтаксическая ошибка: отсутствие ";" перед идентификатором "с"
C:\Users\Никита\Desktop\СисПр\lab6\lab6\lab6.cpp(24,31): error C2065: с: необъявленный идентификатор
C:\Users\Никита\Desktop\СисПр\lab6\lab6\lab6.cpp(24,34): error C2143: синтаксическая ошибка: отсутствие ";" перед "константа"
C:\Users\Никита\Desktop\СисПр\lab6\lab6\lab6.cpp(25,3): error C2146: синтаксическая ошибка: отсутствие ";" перед идентификатором "sahf"
C:\Users\Никита\Desktop\СисПр\lab6\lab6\lab6.cpp(25,3): error C2065: sahf: необъявленный идентификатор
C:\Users\Никита\Desktop\СисПр\lab6\lab6\lab6.cpp(25,9): error C2065: записываем: необъявленный идентификатор
C:\Users\Никита\Desktop\СисПр\lab6\lab6\lab6.cpp(25,30): error C2146: синтаксическая ошибка: отсутствие ";" перед идентификатором "в"
C:\Users\Никита\Desktop\СисПр\lab6\lab6\lab6.cpp(25,30): error C2065: в: необъявленный идентификатор
C:\Users\Никита\Desktop\СисПр\lab6\lab6\lab6.cpp(25,33): error C2146: синтаксическая ошибка: отсутствие ";" перед идентификатором "реистор"
C:\Users\Никита\Desktop\СисПр\lab6\lab6\lab6.cpp(25,33): error C2065: реистор: необъявленный идентификатор
C:\Users\Никита\Desktop\СисПр\lab6\lab6\lab6.cpp(25,48): error C2146: синтаксическая ошибка: отсутствие ";" перед идентификатором "флагов"
C:\Users\Никита\Desktop\СисПр\lab6\lab6\lab6.cpp(25,48): error C2065: флагов: необъявленный идентификатор
C:\Users\Никита\Desktop\СисПр\lab6\lab6\lab6.cpp(25,61): error C2146: синтаксическая ошибка: отсутствие ";" перед идентификатором "процессора"
C:\Users\Никита\Desktop\СисПр\lab6\lab6\lab6.cpp(25,61): error C1003: число ошибок превышает 100; остановка компиляции
